0 info it worked if it ends with ok
1 verbose cli [ '/usr/local/bin/node',
1 verbose cli   '/usr/local/bin/npm',
1 verbose cli   'install',
1 verbose cli   '-g',
1 verbose cli   'parse-server' ]
2 info using npm@2.15.8
3 info using node@v4.4.7
4 verbose install initial load of /usr/local/lib/package.json
5 verbose readDependencies loading dependencies from /usr/local/lib/package.json
6 silly cache add args [ 'parse-server', null ]
7 verbose cache add spec parse-server
8 silly cache add parsed spec Result {
8 silly cache add   raw: 'parse-server',
8 silly cache add   scope: null,
8 silly cache add   name: 'parse-server',
8 silly cache add   rawSpec: '',
8 silly cache add   spec: 'latest',
8 silly cache add   type: 'tag' }
9 silly addNamed parse-server@latest
10 verbose addNamed "latest" is being treated as a dist-tag for parse-server
11 info addNameTag [ 'parse-server', 'latest' ]
12 silly mapToRegistry name parse-server
13 silly mapToRegistry using default registry
14 silly mapToRegistry registry https://registry.npmjs.org/
15 silly mapToRegistry data Result {
15 silly mapToRegistry   raw: 'parse-server',
15 silly mapToRegistry   scope: null,
15 silly mapToRegistry   name: 'parse-server',
15 silly mapToRegistry   rawSpec: '',
15 silly mapToRegistry   spec: 'latest',
15 silly mapToRegistry   type: 'tag' }
16 silly mapToRegistry uri https://registry.npmjs.org/parse-server
17 verbose addNameTag registry:https://registry.npmjs.org/parse-server not in flight; fetching
18 verbose request uri https://registry.npmjs.org/parse-server
19 verbose request no auth needed
20 info attempt registry request try #1 at 12:44:55 PM
21 verbose request id edf8bfd0f2027bf6
22 verbose etag "8I9C0AIST96LT1EEF4YMCHX5E"
23 http request GET https://registry.npmjs.org/parse-server
24 http 304 https://registry.npmjs.org/parse-server
25 verbose headers { date: 'Thu, 28 Jul 2016 04:44:56 GMT',
25 verbose headers   via: '1.1 varnish',
25 verbose headers   'cache-control': 'max-age=300',
25 verbose headers   etag: '"8I9C0AIST96LT1EEF4YMCHX5E"',
25 verbose headers   age: '0',
25 verbose headers   connection: 'keep-alive',
25 verbose headers   'x-served-by': 'cache-sjc3143-SJC',
25 verbose headers   'x-cache': 'HIT',
25 verbose headers   'x-cache-hits': '1',
25 verbose headers   'x-timer': 'S1469681096.743588,VS0,VE84',
25 verbose headers   vary: 'Accept-Encoding' }
26 silly get cb [ 304,
26 silly get   { date: 'Thu, 28 Jul 2016 04:44:56 GMT',
26 silly get     via: '1.1 varnish',
26 silly get     'cache-control': 'max-age=300',
26 silly get     etag: '"8I9C0AIST96LT1EEF4YMCHX5E"',
26 silly get     age: '0',
26 silly get     connection: 'keep-alive',
26 silly get     'x-served-by': 'cache-sjc3143-SJC',
26 silly get     'x-cache': 'HIT',
26 silly get     'x-cache-hits': '1',
26 silly get     'x-timer': 'S1469681096.743588,VS0,VE84',
26 silly get     vary: 'Accept-Encoding' } ]
27 verbose etag https://registry.npmjs.org/parse-server from cache
28 verbose get saving parse-server to /Users/DesmondB/.npm/registry.npmjs.org/parse-server/.cache.json
29 verbose correctMkdir /Users/DesmondB/.npm correctMkdir not in flight; initializing
30 silly addNameTag next cb for parse-server with tag latest
31 silly addNamed parse-server@2.2.17
32 verbose addNamed "2.2.17" is a plain semver version for parse-server
33 silly cache afterAdd parse-server@2.2.17
34 verbose afterAdd /Users/DesmondB/.npm/parse-server/2.2.17/package/package.json not in flight; writing
35 verbose correctMkdir /Users/DesmondB/.npm correctMkdir not in flight; initializing
36 verbose afterAdd /Users/DesmondB/.npm/parse-server/2.2.17/package/package.json written
37 silly install resolved [ { name: 'parse-server',
37 silly install resolved     version: '2.2.17',
37 silly install resolved     description: 'An express module providing a Parse-compatible API server',
37 silly install resolved     main: 'lib/index.js',
37 silly install resolved     repository:
37 silly install resolved      { type: 'git',
37 silly install resolved        url: 'git+https://github.com/ParsePlatform/parse-server.git' },
37 silly install resolved     files:
37 silly install resolved      [ 'bin/',
37 silly install resolved        'lib/',
37 silly install resolved        'public_html/',
37 silly install resolved        'views/',
37 silly install resolved        'LICENSE',
37 silly install resolved        'PATENTS',
37 silly install resolved        'README.md' ],
37 silly install resolved     license: 'BSD-3-Clause',
37 silly install resolved     dependencies:
37 silly install resolved      { 'babel-polyfill': '6.8.0',
37 silly install resolved        'babel-runtime': '6.6.1',
37 silly install resolved        'bcrypt-nodejs': '0.0.3',
37 silly install resolved        'body-parser': '1.15.2',
37 silly install resolved        colors: '1.1.2',
37 silly install resolved        commander: '2.9.0',
37 silly install resolved        deepcopy: '0.6.3',
37 silly install resolved        express: '4.14.0',
37 silly install resolved        intersect: '1.0.1',
37 silly install resolved        lodash: '4.12.0',
37 silly install resolved        'lru-cache': '4.0.1',
37 silly install resolved        'mailgun-js': '0.7.10',
37 silly install resolved        mime: '1.3.4',
37 silly install resolved        mongodb: '2.2.4',
37 silly install resolved        multer: '1.1.0',
37 silly install resolved        parse: '1.9.0',
37 silly install resolved        'parse-server-fs-adapter': '1.0.0',
37 silly install resolved        'parse-server-push-adapter': '1.0.4',
37 silly install resolved        'parse-server-s3-adapter': '1.0.4',
37 silly install resolved        'parse-server-simple-mailgun-adapter': '1.0.0',
37 silly install resolved        'pg-promise': '5.2.5',
37 silly install resolved        redis: '2.6.2',
37 silly install resolved        request: '2.74.0',
37 silly install resolved        'request-promise': '4.0.1',
37 silly install resolved        semver: '^5.2.0',
37 silly install resolved        tv4: '1.2.7',
37 silly install resolved        winston: '2.2.0',
37 silly install resolved        'winston-daily-rotate-file': '1.1.5',
37 silly install resolved        ws: '1.1.1' },
37 silly install resolved     devDependencies:
37 silly install resolved      { 'babel-cli': '6.11.4',
37 silly install resolved        'babel-core': '6.11.4',
37 silly install resolved        'babel-plugin-syntax-flow': '6.8.0',
37 silly install resolved        'babel-plugin-transform-flow-strip-types': '6.8.0',
37 silly install resolved        'babel-preset-es2015': '6.6.0',
37 silly install resolved        'babel-preset-stage-0': '6.5.0',
37 silly install resolved        'babel-register': '6.9.0',
37 silly install resolved        codecov: '1.0.1',
37 silly install resolved        'cross-env': '2.0.0',
37 silly install resolved        'deep-diff': '0.3.4',
37 silly install resolved        gaze: '1.1.0',
37 silly install resolved        istanbul: '1.0.0-alpha.1',
37 silly install resolved        jasmine: '2.4.1',
37 silly install resolved        'mongodb-runner': '3.3.2',
37 silly install resolved        nodemon: '1.9.2' },
37 silly install resolved     scripts:
37 silly install resolved      { dev: 'npm run build && node bin/dev',
37 silly install resolved        build: 'babel src/ -d lib/',
37 silly install resolved        pretest: 'cross-env MONGODB_VERSION=${MONGODB_VERSION:=3.2.6} MONGODB_STORAGE_ENGINE=mmapv1 mongodb-runner start',
37 silly install resolved        test: 'cross-env NODE_ENV=test TESTING=1 babel-node $COVERAGE_OPTION ./node_modules/.bin/jasmine',
37 silly install resolved        'test:win': 'npm run pretest && cross-env NODE_ENV=test TESTING=1 babel-node ./node_modules/.bin/istanbul cover jasmine && npm run posttest',
37 silly install resolved        posttest: 'mongodb-runner stop',
37 silly install resolved        coverage: 'cross-env COVERAGE_OPTION=\'./node_modules/.bin/istanbul cover\' npm test',
37 silly install resolved        start: 'node ./bin/parse-server',
37 silly install resolved        prepublish: 'npm run build' },
37 silly install resolved     engines: { node: '>=4.3' },
37 silly install resolved     bin: { 'parse-server': './bin/parse-server' },
37 silly install resolved     gitHead: 'fa49f05fddbeecfc81dfa4506272ae375875bbcd',
37 silly install resolved     bugs: { url: 'https://github.com/ParsePlatform/parse-server/issues' },
37 silly install resolved     homepage: 'https://github.com/ParsePlatform/parse-server#readme',
37 silly install resolved     _id: 'parse-server@2.2.17',
37 silly install resolved     _shasum: '4f013eeba5baf32eb6b5c126990ec369f52cc92f',
37 silly install resolved     _from: 'parse-server@latest',
37 silly install resolved     _npmVersion: '2.14.12',
37 silly install resolved     _nodeVersion: '4.3.2',
37 silly install resolved     _npmUser: { name: 'fosco', email: 'fosco@fosco.com' },
37 silly install resolved     dist:
37 silly install resolved      { shasum: '4f013eeba5baf32eb6b5c126990ec369f52cc92f',
37 silly install resolved        tarball: 'https://registry.npmjs.org/parse-server/-/parse-server-2.2.17.tgz' },
37 silly install resolved     maintainers: [ [Object], [Object] ],
37 silly install resolved     _npmOperationalInternal:
37 silly install resolved      { host: 'packages-12-west.internal.npmjs.com',
37 silly install resolved        tmp: 'tmp/parse-server-2.2.17.tgz_1469309147755_0.07407419779337943' },
37 silly install resolved     directories: {},
37 silly install resolved     _resolved: 'https://registry.npmjs.org/parse-server/-/parse-server-2.2.17.tgz',
37 silly install resolved     readme: 'ERROR: No README data found!' } ]
38 info install parse-server@2.2.17 into /usr/local/lib
39 info installOne parse-server@2.2.17
40 verbose installOne of parse-server to /usr/local/lib not in flight; installing
41 verbose correctMkdir /Users/DesmondB/.npm/_locks correctMkdir not in flight; initializing
42 verbose lock using /Users/DesmondB/.npm/_locks/parse-server-aa36b9218ac3b9bf.lock for /usr/local/lib/node_modules/parse-server
43 silly install write writing parse-server 2.2.17 to /usr/local/lib/node_modules/parse-server
44 verbose unbuild lib/node_modules/parse-server
45 silly gentlyRm /usr/local/lib/node_modules/parse-server is being purged from base /usr/local
46 verbose gentlyRm don't care about contents; nuking /usr/local/lib/node_modules/parse-server
47 verbose tar unpack /Users/DesmondB/.npm/parse-server/2.2.17/package.tgz
48 verbose tar unpacking to /usr/local/lib/node_modules/parse-server
49 silly gentlyRm /usr/local/lib/node_modules/parse-server is being purged
50 verbose gentlyRm don't care about contents; nuking /usr/local/lib/node_modules/parse-server
51 silly gunzTarPerm modes [ '755', '644' ]
52 error tar.unpack untar error /Users/DesmondB/.npm/parse-server/2.2.17/package.tgz
53 verbose unlock done using /Users/DesmondB/.npm/_locks/parse-server-aa36b9218ac3b9bf.lock for /usr/local/lib/node_modules/parse-server
54 verbose fstream_path /usr/local/lib/node_modules/parse-server
55 verbose fstream_type Directory
56 verbose fstream_class DirWriter
57 verbose stack Error: EACCES: permission denied, mkdir '/usr/local/lib/node_modules/parse-server'
57 verbose stack     at Error (native)
58 verbose fstream_stack /usr/local/lib/node_modules/npm/node_modules/fstream/lib/dir-writer.js:35:25
58 verbose fstream_stack /usr/local/lib/node_modules/npm/node_modules/mkdirp/index.js:47:53
58 verbose fstream_stack FSReqWrap.oncomplete (fs.js:82:15)
59 verbose cwd /Users/DesmondB/Desktop/Dom/MakeSchool/SecondAid
60 error Darwin 15.5.0
61 error argv "/usr/local/bin/node" "/usr/local/bin/npm" "install" "-g" "parse-server"
62 error node v4.4.7
63 error npm  v2.15.8
64 error path /usr/local/lib/node_modules/parse-server
65 error code EACCES
66 error errno -13
67 error syscall mkdir
68 error Error: EACCES: permission denied, mkdir '/usr/local/lib/node_modules/parse-server'
68 error     at Error (native)
68 error  { [Error: EACCES: permission denied, mkdir '/usr/local/lib/node_modules/parse-server']
68 error   errno: -13,
68 error   code: 'EACCES',
68 error   syscall: 'mkdir',
68 error   path: '/usr/local/lib/node_modules/parse-server',
68 error   fstream_type: 'Directory',
68 error   fstream_path: '/usr/local/lib/node_modules/parse-server',
68 error   fstream_class: 'DirWriter',
68 error   fstream_stack:
68 error    [ '/usr/local/lib/node_modules/npm/node_modules/fstream/lib/dir-writer.js:35:25',
68 error      '/usr/local/lib/node_modules/npm/node_modules/mkdirp/index.js:47:53',
68 error      'FSReqWrap.oncomplete (fs.js:82:15)' ] }
69 error Please try running this command again as root/Administrator.
70 verbose exit [ -13, true ]
71 verbose unbuild lib/node_modules/parse-server
72 silly gentlyRm /usr/local/lib/node_modules/parse-server is being purged from base /usr/local
73 verbose gentlyRm don't care about contents; nuking /usr/local/lib/node_modules/parse-server
